make all --print-data-base --no-builtin-variables --no-builtin-rules --question
# GNU Make 3.81
# Copyright (C) 2006  Free Software Foundation, Inc.
# This is free software; see the source for copying conditions.
# There is NO warranty; not even for MERCHANTABILITY or FITNESS FOR A
# PARTICULAR PURPOSE.

# This program built for i386-apple-darwin11.3.0
 
make: *** No rule to make target `all'.  Stop.


# Make data base, printed on Mon Aug  8 10:38:54 2022

# Variables

# automatic
<D = $(patsubst %/,%,$(dir $<))
# automatic
?F = $(notdir $?)
# makefile (from `Makefile', line 3)
NAMESPACE = cidaas-public
# automatic
?D = $(patsubst %/,%,$(dir $?))
# automatic
@D = $(patsubst %/,%,$(dir $@))
# automatic
@F = $(notdir $@)
# makefile
CURDIR := /Users/genchevm/terraform-provider-cidaas
# makefile
SHELL = /bin/sh
# environment
VSCODE_NLS_CONFIG = {"locale":"en-gb","availableLanguages":{},"_languagePackSupport":true}
# environment
_ = /usr/bin/make
# makefile (from `Makefile', line 1)
MAKEFILE_LIST :=  Makefile
# environment
VSCODE_AMD_ENTRYPOINT = vs/workbench/api/node/extensionHostProcess
# makefile (from `Makefile', line 6)
VERSION = 1.0.9
# environment
__CFBundleIdentifier = com.microsoft.VSCode
# environment
P9K_SSH = 0
# environment
VSCODE_CWD = /
# environment
GOPROXY = https://proxy.golang.org,direct
# environment
PATH = /usr/local/bin:/usr/bin:/bin:/usr/sbin:/sbin:/usr/local/go/bin:/Library/Apple/usr/bin
# environment
LSCOLORS = Gxfxcxdxbxegedabagacad
# environment
GOPATH = /Users/genchevm/go
# environment
ELECTRON_RUN_AS_NODE = 1
# default
.FEATURES := target-specific order-only second-expansion else-if archives jobserver check-symlink
# environment
SSH_AUTH_SOCK = /private/tmp/com.apple.launchd.BemtIzg48O/Listeners
# automatic
%F = $(notdir $%)
# environment
PWD = /Users/genchevm/terraform-provider-cidaas
# environment
ORIGINAL_XDG_CURRENT_DESKTOP = undefined
# environment
GOMODCACHE = /Users/genchevm/go/pkg/mod
# environment
HOME = /Users/genchevm
# default
MAKEFILEPATH = $(shell /usr/bin/xcode-select -print-path 2>/dev/null || echo /Developer)/Makefiles
# makefile (from `Makefile', line 5)
BINARY = terraform-provider-${NAME}
# environment
VSCODE_CODE_CACHE_PATH = /Users/genchevm/Library/Application Support/Code/CachedData/b06ae3b2d2dbfe28bca3134cc6be65935cdfea6a
# environment
LOGNAME = genchevm
# environment
APPLICATION_INSIGHTS_NO_DIAGNOSTIC_CHANNEL = 1
# makefile (from `Makefile', line 7)
OS_ARCH = linux_amd64
# environment
ZSH = /Users/genchevm/.oh-my-zsh
# environment
VSCODE_HANDLES_UNCAUGHT_ERRORS = true
# automatic
^D = $(patsubst %/,%,$(dir $^))
# makefile (from `Makefile', line 2)
HOSTNAME = hashicorp.com
# makefile (from `Makefile', line 1)
TEST = $$(go list ./... | grep -v 'vendor')
# environment
XPC_FLAGS = 0x0
# default
MAKE = $(MAKE_COMMAND)
# default
MAKECMDGOALS := all
# environment
SHLVL = 1
# default
MAKE_VERSION := 3.81
# environment
USER = genchevm
# makefile
.DEFAULT_GOAL := default
# makefile (from `Makefile', line 4)
NAME = cidaas
# environment
LESS = -R
# automatic
%D = $(patsubst %/,%,$(dir $%))
# default
MAKE_COMMAND := /Library/Developer/CommandLineTools/usr/bin/make
 
# default
.VARIABLES := 
# environment
TMPDIR = /var/folders/js/_w2txzjn21l7r6kqbcdsfx8r0000gp/T/
# automatic
*F = $(notdir $*)
# environment
VSCODE_IPC_HOOK = /Users/genchevm/Library/Application Support/Code/1.69.1-main.sock
# environment
MallocNanoZone = 0
# makefile
MAKEFLAGS = Rrqp
# environment
MFLAGS = -Rrqp
# automatic
*D = $(patsubst %/,%,$(dir $*))
# environment
XPC_SERVICE_NAME = application.com.microsoft.VSCode.1160095.1160101
# automatic
+D = $(patsubst %/,%,$(dir $+))
# automatic
+F = $(notdir $+)
# environment
__CF_USER_TEXT_ENCODING = 0x1F6:0x0:0x0
# environment
COMMAND_MODE = unix2003
# default
MAKEFILES := 
# automatic
<F = $(notdir $<)
# environment
PAGER = less
# environment
LC_ALL = C
# automatic
^F = $(notdir $^)
# default
SUFFIXES := 
# default
.INCLUDE_DIRS = /usr/local/include
# environment
MAKELEVEL := 0
# environment
LANG = C
# environment
VSCODE_PID = 5680
# variable set hash-table stats:
# Load=73/1024=7%, Rehash=0, Collisions=3/98=3%

# Pattern-specific Variable Values

# No pattern-specific variable values.

# Directories

# . (device 16777220, inode 3422671): 19 files, no impossibilities.

# 19 files, no impossibilities in 1 directories.

# Implicit Rules

# No implicit rules.

# Files

testacc:
#  Implicit rule search has not been done.
#  Modification time never checked.
#  File has not been updated.
#  commands to execute (from `Makefile', line 37):
	TF_ACC=1 go test $(TEST) -v $(TESTARGS) -timeout 120m
	

# Not a target:
all:
#  Command-line target.
#  Implicit rule search has been done.
#  File does not exist.
#  File has not been updated.
# variable set hash-table stats:
# Load=0/32=0%, Rehash=0, Collisions=0/0=0%

# Not a target:
.SUFFIXES:
#  Implicit rule search has not been done.
#  Modification time never checked.
#  File has not been updated.

# Not a target:
Makefile:
#  Implicit rule search has been done.
#  Last modified 2022-08-05 12:29:59
#  File has been updated.
#  Successfully updated.
# variable set hash-table stats:
# Load=0/32=0%, Rehash=0, Collisions=0/0=0%

test:
#  Implicit rule search has not been done.
#  Modification time never checked.
#  File has not been updated.
#  commands to execute (from `Makefile', line 33):
	go test -i $(TEST) || exit 1
	echo $(TEST) | xargs -t -n4 go test $(TESTARGS) -timeout=30s -parallel=4
	

build:
#  Implicit rule search has not been done.
#  Modification time never checked.
#  File has not been updated.
#  commands to execute (from `Makefile', line 12):
	go build -o ${BINARY}
	

default: install
#  Implicit rule search has not been done.
#  Modification time never checked.
#  File has not been updated.

 
release:
#  Implicit rule search has not been done.
#  Modification time never checked.
#  File has not been updated.
#  commands to execute (from `Makefile', line 15):
	GOOS=darwin GOARCH=amd64 go build -o ./bin/${BINARY}_${VERSION}_darwin_amd64
	GOOS=freebsd GOARCH=386 go build -o ./bin/${BINARY}_${VERSION}_freebsd_386
	GOOS=freebsd GOARCH=amd64 go build -o ./bin/${BINARY}_${VERSION}_freebsd_amd64
	GOOS=freebsd GOARCH=arm go build -o ./bin/${BINARY}_${VERSION}_freebsd_arm
	GOOS=linux GOARCH=386 go build -o ./bin/${BINARY}_${VERSION}_linux_386
	GOOS=linux GOARCH=amd64 go build -o ./bin/${BINARY}_${VERSION}_linux_amd64
	GOOS=linux GOARCH=arm go build -o ./bin/${BINARY}_${VERSION}_linux_arm
	GOOS=openbsd GOARCH=386 go build -o ./bin/${BINARY}_${VERSION}_openbsd_386
	GOOS=openbsd GOARCH=amd64 go build -o ./bin/${BINARY}_${VERSION}_openbsd_amd64
	GOOS=solaris GOARCH=amd64 go build -o ./bin/${BINARY}_${VERSION}_solaris_amd64
	GOOS=windows GOARCH=386 go build -o ./bin/${BINARY}_${VERSION}_windows_386
	GOOS=windows GOARCH=amd64 go build -o ./bin/${BINARY}_${VERSION}_windows_amd64
	

# Not a target:
.DEFAULT:
#  Implicit rule search has not been done.
#  Modification time never checked.
#  File has not been updated.

install: build
#  Implicit rule search has not been done.
#  Modification time never checked.
#  File has not been updated.
#  commands to execute (from `Makefile', line 29):
	mkdir -p ~/.terraform.d/plugins/${HOSTNAME}/${NAMESPACE}/${NAME}/${VERSION}/${OS_ARCH}
	mv ${BINARY} ~/.terraform.d/plugins/${HOSTNAME}/${NAMESPACE}/${NAME}/${VERSION}/${OS_ARCH}
	

# files hash-table stats:
# Load=10/1024=1%, Rehash=0, Collisions=0/24=0%
# VPATH Search Paths

# No `vpath' search paths.

# No general (`VPATH' variable) search path.

# # of strings in strcache: 1
# # of strcache buffers: 1
# strcache size: total = 4096 / max = 4096 / min = 4096 / avg = 4096
# strcache free: total = 4087 / max = 4087 / min = 4087 / avg = 4087

# Finished Make data base on Mon Aug  8 10:38:54 2022

 
